<?xml version="1.0" encoding="UTF-8"?>
<testsuite name="by.epam.tr.test.FunctionTest" tests="2" skipped="0" failures="0" errors="0" timestamp="2022-04-06T13:36:13" hostname="lt-dellgwg5lq1.am.idtcorp.net" time="0.018">
  <properties/>
  <testcase name="verifyAddNoteToNotebook()" classname="by.epam.tr.test.FunctionTest" time="0.011"/>
  <testcase name="verifyCreateNote()" classname="by.epam.tr.test.FunctionTest" time="0.006"/>
  <system-out><![CDATA[]]></system-out>
  <system-err><![CDATA[]]></system-err>
</testsuite>
